<?xml version="1.0" encoding="UTF-8"?>
<testng-results ignored="0" total="6" passed="6" failed="0" skipped="0">
  <reporter-output>
  </reporter-output>
  <suite started-at="2023-05-01T16:49:10 IST" name="testcases" finished-at="2023-05-01T16:49:10 IST" duration-ms="96">
    <groups>
    </groups>
    <test started-at="2023-05-01T16:49:10 IST" name="Users and Products" finished-at="2023-05-01T16:49:10 IST" duration-ms="96">
      <class name="com.sgtesting.products.Products">
        <test-method is-config="true" signature="setup()[pri:0, instance:com.sgtesting.products.Products@2bfc268b]" started-at="2023-05-01T16:49:10 IST" name="setup" finished-at="2023-05-01T16:49:10 IST" duration-ms="1" status="PASS">
          <reporter-output>
          </reporter-output>
        </test-method> <!-- setup -->
        <test-method signature="createProduct()[pri:0, instance:com.sgtesting.products.Products@2bfc268b]" started-at="2023-05-01T16:49:10 IST" name="createProduct" finished-at="2023-05-01T16:49:10 IST" duration-ms="5" status="PASS">
          <reporter-output>
          </reporter-output>
        </test-method> <!-- createProduct -->
        <test-method signature="deleteProduct()[pri:0, instance:com.sgtesting.products.Products@2bfc268b]" started-at="2023-05-01T16:49:10 IST" name="deleteProduct" finished-at="2023-05-01T16:49:10 IST" duration-ms="2" status="PASS">
          <reporter-output>
          </reporter-output>
        </test-method> <!-- deleteProduct -->
        <test-method signature="modifyProduct()[pri:0, instance:com.sgtesting.products.Products@2bfc268b]" started-at="2023-05-01T16:49:10 IST" name="modifyProduct" finished-at="2023-05-01T16:49:10 IST" duration-ms="2" status="PASS">
          <reporter-output>
          </reporter-output>
        </test-method> <!-- modifyProduct -->
        <test-method is-config="true" signature="tearDown()[pri:0, instance:com.sgtesting.products.Products@2bfc268b]" started-at="2023-05-01T16:49:10 IST" name="tearDown" finished-at="2023-05-01T16:49:10 IST" duration-ms="1" status="PASS">
          <reporter-output>
          </reporter-output>
        </test-method> <!-- tearDown -->
      </class> <!-- com.sgtesting.products.Products -->
      <class name="com.sgtesting.Users.Users">
        <test-method is-config="true" signature="setup()[pri:0, instance:com.sgtesting.Users.Users@c333c60]" started-at="2023-05-01T16:49:10 IST" name="setup" finished-at="2023-05-01T16:49:10 IST" duration-ms="11" status="PASS">
          <reporter-output>
          </reporter-output>
        </test-method> <!-- setup -->
        <test-method signature="createuser()[pri:0, instance:com.sgtesting.Users.Users@c333c60]" started-at="2023-05-01T16:49:10 IST" name="createuser" finished-at="2023-05-01T16:49:10 IST" duration-ms="7" status="PASS">
          <reporter-output>
          </reporter-output>
        </test-method> <!-- createuser -->
        <test-method signature="deleteuser()[pri:0, instance:com.sgtesting.Users.Users@c333c60]" started-at="2023-05-01T16:49:10 IST" name="deleteuser" finished-at="2023-05-01T16:49:10 IST" duration-ms="1" status="PASS">
          <reporter-output>
          </reporter-output>
        </test-method> <!-- deleteuser -->
        <test-method signature="modifyuser()[pri:0, instance:com.sgtesting.Users.Users@c333c60]" started-at="2023-05-01T16:49:10 IST" name="modifyuser" finished-at="2023-05-01T16:49:10 IST" duration-ms="2" status="PASS">
          <reporter-output>
          </reporter-output>
        </test-method> <!-- modifyuser -->
        <test-method is-config="true" signature="tearDown()[pri:0, instance:com.sgtesting.Users.Users@c333c60]" started-at="2023-05-01T16:49:10 IST" name="tearDown" finished-at="2023-05-01T16:49:10 IST" duration-ms="0" status="PASS">
          <reporter-output>
          </reporter-output>
        </test-method> <!-- tearDown -->
      </class> <!-- com.sgtesting.Users.Users -->
    </test> <!-- Users and Products -->
  </suite> <!-- testcases -->
</testng-results>
