<?xml version="1.0" encoding="UTF-8"?>
<!-- Generated by org.testng.reporters.JUnitXMLReporter -->
<testsuite ignored="0" hostname="SHWETA" failures="0" tests="6" name="Users and Products" time="0.096" errors="0" timestamp="2023-05-01T16:49:10 IST">
  <testcase classname="com.sgtesting.Users.Users" name="createuser" time="0.007"/>
  <testcase classname="com.sgtesting.Users.Users" name="deleteuser" time="0.001"/>
  <testcase classname="com.sgtesting.Users.Users" name="modifyuser" time="0.002"/>
  <testcase classname="com.sgtesting.products.Products" name="createProduct" time="0.005"/>
  <testcase classname="com.sgtesting.products.Products" name="deleteProduct" time="0.002"/>
  <testcase classname="com.sgtesting.products.Products" name="modifyProduct" time="0.002"/>
</testsuite> <!-- Users and Products -->
